2016-01-26 11:33:24,578 DEBUG    root            Loaded Command Group: ['gcloud', 'compute']
2016-01-26 11:33:24,703 DEBUG    root            Loaded Command Group: ['gcloud', 'compute', 'instances']
2016-01-26 11:33:25,075 DEBUG    root            Loaded Command Group: ['gcloud', 'compute', 'instances', 'list']
2016-01-26 11:33:25,131 DEBUG    root            Running gcloud.compute.instances.list with Namespace(__calliope_internal_deepest_parser=ArgumentParser(prog='gcloud.compute.instances.list', usage=None, description='List Google Compute Engine virtual machine instances.', version=None, formatter_class=<class 'argparse.HelpFormatter'>, conflict_handler='error', add_help=False), account=None, authority_selector=None, authorization_token_file=None, cmd_func=<bound method Command.Run of <googlecloudsdk.calliope.backend.Command object at 0x1f98a90>>, command_path=['gcloud', 'compute', 'instances', 'list'], configuration=None, document=None, endpoint=None, format=None, h=None, help=None, http_timeout=None, limit=None, log_http=None, names=[], project=None, quiet=None, regexp=None, sort_by=None, trace_email=None, trace_log=False, trace_token=None, uri=False, user_output_enabled=None, verbosity=None, version=None, zones=[]).
2016-01-26 11:33:25,131 INFO     root            Explict Display.
2016-01-26 11:33:25,132 DEBUG    root            Starting batch request...
2016-01-26 11:33:25,132 DEBUG    root            Adding request: (<googlecloudsdk.third_party.apis.compute.v1.compute_v1_client.InstancesService object at 0x27be4d0>, 'AggregatedList', <ComputeInstancesAggregatedListRequest
 maxResults: 500
 project: 'resume-for-me'>)
2016-01-26 11:33:25,133 DEBUG    root            Making batch request...
2016-01-26 11:33:25,467 DEBUG    root            Batch request done; responses [<InstanceAggregatedList
 items: <ItemsValue
 additionalProperties: [<AdditionalProperty
 key: u'zones/asia-east1-c'
 value: <InstancesScopedList
 instances: []
 warning: <WarningValue
 code: CodeValueValuesEnum(NO_RESULTS_ON_PAGE, 9)
 data: [<DataValueListEntry
 key: u'scope'
 value: u'zones/asia-east1-c'>]
 message: u"There are no results for scope 'zones/asia-east1-c' on this page.">>>, <AdditionalProperty
 key: u'zones/europe-west1-d'
 value: <InstancesScopedList
 instances: []
 warning: <WarningValue
 code: CodeValueValuesEnum(NO_RESULTS_ON_PAGE, 9)
 data: [<DataValueListEntry
 key: u'scope'
 value: u'zones/europe-west1-d'>]
 message: u"There are no results for scope 'zones/europe-west1-d' on this page.">>>, <AdditionalProperty
 key: u'zones/asia-east1-a'
 value: <InstancesScopedList
 instances: []
 warning: <WarningValue
 code: CodeValueValuesEnum(NO_RESULTS_ON_PAGE, 9)
 data: [<DataValueListEntry
 key: u'scope'
 value: u'zones/asia-east1-a'>]
 message: u"There are no results for scope 'zones/asia-east1-a' on this page.">>>, <AdditionalProperty
 key: u'zones/asia-east1-b'
 value: <InstancesScopedList
 instances: []
 warning: <WarningValue
 code: CodeValueValuesEnum(NO_RESULTS_ON_PAGE, 9)
 data: [<DataValueListEntry
 key: u'scope'
 value: u'zones/asia-east1-b'>]
 message: u"There are no results for scope 'zones/asia-east1-b' on this page.">>>, <AdditionalProperty
 key: u'zones/us-east1-c'
 value: <InstancesScopedList
 instances: [<Instance
 canIpForward: False
 cpuPlatform: u'Intel Haswell'
 creationTimestamp: u'2016-01-26T08:08:02.517-08:00'
 description: u''
 disks: [<AttachedDisk
 autoDelete: True
 boot: True
 deviceName: u'transmitter'
 index: 0
 interface: InterfaceValueValuesEnum(SCSI, 1)
 kind: u'compute#attachedDisk'
 licenses: [u'https://www.googleapis.com/compute/v1/projects/ubuntu-os-cloud/global/licenses/ubuntu-1404-trusty']
 mode: ModeValueValuesEnum(READ_WRITE, 1)
 source: u'https://www.googleapis.com/compute/v1/projects/resume-for-me/zones/us-east1-c/disks/transmitter'
 type: TypeValueValuesEnum(PERSISTENT, 0)>]
 id: 1005817296965723994
 kind: u'compute#instance'
 machineType: u'https://www.googleapis.com/compute/v1/projects/resume-for-me/zones/us-east1-c/machineTypes/n1-standard-1'
 metadata: <Metadata
 fingerprint: '\x7fU,iXw\x0b\x8e'
 items: []
 kind: u'compute#metadata'>
 name: u'transmitter'
 networkInterfaces: [<NetworkInterface
 accessConfigs: [<AccessConfig
 kind: u'compute#accessConfig'
 name: u'External NAT'
 natIP: u'104.196.34.202'
 type: TypeValueValuesEnum(ONE_TO_ONE_NAT, 0)>]
 name: u'nic0'
 network: u'https://www.googleapis.com/compute/v1/projects/resume-for-me/global/networks/default'
 networkIP: u'10.240.0.2'>]
 scheduling: <Scheduling
 automaticRestart: True
 onHostMaintenance: OnHostMaintenanceValueValuesEnum(MIGRATE, 0)
 preemptible: False>
 selfLink: u'https://www.googleapis.com/compute/v1/projects/resume-for-me/zones/us-east1-c/instances/transmitter'
 serviceAccounts: [<ServiceAccount
 email: u'476411052889-compute@developer.gserviceaccount.com'
 scopes: [u'https://www.googleapis.com/auth/cloud.useraccounts.readonly', u'https://www.googleapis.com/auth/devstorage.read_only', u'https://www.googleapis.com/auth/logging.write', u'https://www.googleapis.com/auth/monitoring.write']>]
 status: StatusValueValuesEnum(RUNNING, 1)
 tags: <Tags
 fingerprint: '\xe3e\xa6J\x90|\xad#'
 items: []>
 zone: u'https://www.googleapis.com/compute/v1/projects/resume-for-me/zones/us-east1-c'>]>>, <AdditionalProperty
 key: u'zones/us-east1-d'
 value: <InstancesScopedList
 instances: []
 warning: <WarningValue
 code: CodeValueValuesEnum(NO_RESULTS_ON_PAGE, 9)
 data: [<DataValueListEntry
 key: u'scope'
 value: u'zones/us-east1-d'>]
 message: u"There are no results for scope 'zones/us-east1-d' on this page.">>>, <AdditionalProperty
 key: u'zones/europe-west1-b'
 value: <InstancesScopedList
 instances: []
 warning: <WarningValue
 code: CodeValueValuesEnum(NO_RESULTS_ON_PAGE, 9)
 data: [<DataValueListEntry
 key: u'scope'
 value: u'zones/europe-west1-b'>]
 message: u"There are no results for scope 'zones/europe-west1-b' on this page.">>>, <AdditionalProperty
 key: u'zones/europe-west1-c'
 value: <InstancesScopedList
 instances: []
 warning: <WarningValue
 code: CodeValueValuesEnum(NO_RESULTS_ON_PAGE, 9)
 data: [<DataValueListEntry
 key: u'scope'
 value: u'zones/europe-west1-c'>]
 message: u"There are no results for scope 'zones/europe-west1-c' on this page.">>>, <AdditionalProperty
 key: u'zones/us-central1-a'
 value: <InstancesScopedList
 instances: []
 warning: <WarningValue
 code: CodeValueValuesEnum(NO_RESULTS_ON_PAGE, 9)
 data: [<DataValueListEntry
 key: u'scope'
 value: u'zones/us-central1-a'>]
 message: u"There are no results for scope 'zones/us-central1-a' on this page.">>>, <AdditionalProperty
 key: u'zones/us-central1-c'
 value: <InstancesScopedList
 instances: []
 warning: <WarningValue
 code: CodeValueValuesEnum(NO_RESULTS_ON_PAGE, 9)
 data: [<DataValueListEntry
 key: u'scope'
 value: u'zones/us-central1-c'>]
 message: u"There are no results for scope 'zones/us-central1-c' on this page.">>>, <AdditionalProperty
 key: u'zones/us-central1-b'
 value: <InstancesScopedList
 instances: []
 warning: <WarningValue
 code: CodeValueValuesEnum(NO_RESULTS_ON_PAGE, 9)
 data: [<DataValueListEntry
 key: u'scope'
 value: u'zones/us-central1-b'>]
 message: u"There are no results for scope 'zones/us-central1-b' on this page.">>>, <AdditionalProperty
 key: u'zones/us-central1-f'
 value: <InstancesScopedList
 instances: []
 warning: <WarningValue
 code: CodeValueValuesEnum(NO_RESULTS_ON_PAGE, 9)
 data: [<DataValueListEntry
 key: u'scope'
 value: u'zones/us-central1-f'>]
 message: u"There are no results for scope 'zones/us-central1-f' on this page.">>>, <AdditionalProperty
 key: u'zones/us-east1-b'
 value: <InstancesScopedList
 instances: []
 warning: <WarningValue
 code: CodeValueValuesEnum(NO_RESULTS_ON_PAGE, 9)
 data: [<DataValueListEntry
 key: u'scope'
 value: u'zones/us-east1-b'>]
 message: u"There are no results for scope 'zones/us-east1-b' on this page.">>>]>
 kind: u'compute#instanceAggregatedList'
 selfLink: u'https://www.googleapis.com/compute/v1/projects/resume-for-me/aggregated/instances'>]
2016-01-26 11:33:25,498 INFO     ___FILE_ONLY___ NAME        ZONE       MACHINE_TYPE  PREEMPTIBLE INTERNAL_IP EXTERNAL_IP    STATUS
2016-01-26 11:33:25,498 INFO     ___FILE_ONLY___ 

2016-01-26 11:33:25,500 INFO     ___FILE_ONLY___ transmitter us-east1-c n1-standard-1             10.240.0.2  104.196.34.202 RUNNING
2016-01-26 11:33:25,500 INFO     ___FILE_ONLY___ 

