2016-01-26 12:06:17,904 DEBUG    root            Loaded Command Group: ['gcloud', 'compute']
2016-01-26 12:06:17,914 DEBUG    root            Loaded Command Group: ['gcloud', 'compute', 'operations']
2016-01-26 12:06:17,924 DEBUG    root            Loaded Command Group: ['gcloud', 'compute', 'addresses']
2016-01-26 12:06:17,943 DEBUG    root            Loaded Command Group: ['gcloud', 'compute', 'snapshots']
2016-01-26 12:06:17,952 DEBUG    root            Loaded Command Group: ['gcloud', 'compute', 'disk_types']
2016-01-26 12:06:17,963 DEBUG    root            Loaded Command Group: ['gcloud', 'compute', 'zones']
2016-01-26 12:06:17,965 DEBUG    root            Loaded Command Group: ['gcloud', 'compute', 'instances']
2016-01-26 12:06:17,972 DEBUG    root            Loaded Command Group: ['gcloud', 'compute', 'instance_groups']
2016-01-26 12:06:17,994 DEBUG    root            Loaded Command Group: ['gcloud', 'compute', 'images']
2016-01-26 12:06:18,205 DEBUG    root            Loaded Command Group: ['gcloud', 'compute', 'reset_windows_password']
2016-01-26 12:06:18,211 DEBUG    root            Loaded Command Group: ['gcloud', 'compute', 'networks']
2016-01-26 12:06:18,222 DEBUG    root            Loaded Command Group: ['gcloud', 'compute', 'backend_services']
2016-01-26 12:06:18,227 DEBUG    root            Loaded Command Group: ['gcloud', 'compute', 'ssl_certificates']
2016-01-26 12:06:18,243 DEBUG    root            Loaded Command Group: ['gcloud', 'compute', 'copy_files']
2016-01-26 12:06:18,253 DEBUG    root            No implementation for release track [GA] in file: [/root/download/google-cloud-sdk/lib/surface/compute/scp.pyc]
2016-01-26 12:06:18,260 DEBUG    root            Loaded Command Group: ['gcloud', 'compute', 'regions']
2016-01-26 12:06:18,266 DEBUG    root            Loaded Command Group: ['gcloud', 'compute', 'forwarding_rules']
2016-01-26 12:06:18,300 DEBUG    root            No implementation for release track [GA] in file: [/root/download/google-cloud-sdk/lib/surface/compute/autoscaler/__init__.pyc]
2016-01-26 12:06:18,303 DEBUG    root            Loaded Command Group: ['gcloud', 'compute', 'http_health_checks']
2016-01-26 12:06:18,307 DEBUG    root            Loaded Command Group: ['gcloud', 'compute', 'target_vpn_gateways']
2016-01-26 12:06:18,314 DEBUG    root            Loaded Command Group: ['gcloud', 'compute', 'target_http_proxies']
2016-01-26 12:06:18,320 DEBUG    root            No implementation for release track [GA] in file: [/root/download/google-cloud-sdk/lib/surface/compute/users/__init__.pyc]
2016-01-26 12:06:18,323 DEBUG    root            Loaded Command Group: ['gcloud', 'compute', 'firewall_rules']
2016-01-26 12:06:18,327 DEBUG    root            No implementation for release track [GA] in file: [/root/download/google-cloud-sdk/lib/surface/compute/routers/__init__.pyc]
2016-01-26 12:06:18,333 DEBUG    root            Loaded Command Group: ['gcloud', 'compute', 'target_https_proxies']
2016-01-26 12:06:18,339 DEBUG    root            Loaded Command Group: ['gcloud', 'compute', 'url_maps']
2016-01-26 12:06:18,341 DEBUG    root            Loaded Command Group: ['gcloud', 'compute', 'ssh']
2016-01-26 12:06:18,348 DEBUG    root            No implementation for release track [GA] in file: [/root/download/google-cloud-sdk/lib/surface/compute/groups/__init__.pyc]
2016-01-26 12:06:18,354 DEBUG    root            Loaded Command Group: ['gcloud', 'compute', 'instance_templates']
2016-01-26 12:06:18,361 DEBUG    root            Loaded Command Group: ['gcloud', 'compute', 'config_ssh']
2016-01-26 12:06:18,367 DEBUG    root            Loaded Command Group: ['gcloud', 'compute', 'vpn_tunnels']
2016-01-26 12:06:18,369 DEBUG    root            Loaded Command Group: ['gcloud', 'compute', 'project_info']
2016-01-26 12:06:18,375 DEBUG    root            Loaded Command Group: ['gcloud', 'compute', 'https_health_checks']
2016-01-26 12:06:18,383 DEBUG    root            Loaded Command Group: ['gcloud', 'compute', 'disks']
2016-01-26 12:06:18,388 DEBUG    root            Loaded Command Group: ['gcloud', 'compute', 'target_instances']
2016-01-26 12:06:18,396 DEBUG    root            Loaded Command Group: ['gcloud', 'compute', 'machine_types']
2016-01-26 12:06:18,436 DEBUG    root            No implementation for release track [GA] in file: [/root/download/google-cloud-sdk/lib/surface/compute/rolling_updates/__init__.pyc]
2016-01-26 12:06:18,440 DEBUG    root            Loaded Command Group: ['gcloud', 'compute', 'routes']
2016-01-26 12:06:18,444 DEBUG    root            Loaded Command Group: ['gcloud', 'compute', 'target_pools']
2016-01-26 12:06:18,534 ERROR    root            (gcloud.compute) too few arguments
