2016-01-27 14:37:58,936 DEBUG    root            Loaded Command Group: ['gcloud', 'compute']
2016-01-27 14:37:59,629 DEBUG    root            Loaded Command Group: ['gcloud', 'compute', 'ssh']
2016-01-27 14:37:59,793 INFO     oauth2client.client Refreshing access_token
2016-01-27 14:38:00,099 DEBUG    root            Running gcloud.compute.ssh with Namespace(__calliope_internal_deepest_parser=ArgumentParser(prog='gcloud.compute.ssh', usage=None, description='SSH into a virtual machine instance.', version=None, formatter_class=<class 'argparse.HelpFormatter'>, conflict_handler='error', add_help=False), account=None, authority_selector=None, authorization_token_file=None, cmd_func=<bound method Command.Run of <googlecloudsdk.calliope.backend.Command object at 0x179e250>>, command=None, command_path=['gcloud', 'compute', 'ssh'], configuration=None, container=None, document=None, dry_run=False, endpoint=None, format=None, h=None, help=None, http_timeout=None, implementation_args=[], log_http=None, plain=False, project=None, quiet=None, ssh_flag=None, ssh_key_file=None, trace_email=None, trace_log=False, trace_token=None, user_host='transmitter', user_output_enabled=None, verbosity=None, version=None, zone=None).
2016-01-27 14:38:00,103 DEBUG    root            Starting batch request...
2016-01-27 14:38:00,103 DEBUG    root            Adding request: (<googlecloudsdk.third_party.apis.compute.v1.compute_v1_client.ZonesService object at 0x2094d50>, 'List', <ComputeZonesListRequest
 maxResults: 500
 project: 'resume-for-me'>)
2016-01-27 14:38:00,104 DEBUG    root            Making batch request...
2016-01-27 14:38:00,363 DEBUG    root            Batch request done; responses [<ZoneList
 id: u'projects/resume-for-me/zones'
 items: [<Zone
 creationTimestamp: u'2014-07-15T10:44:08.663-07:00'
 description: u'asia-east1-c'
 id: 2222
 kind: u'compute#zone'
 maintenanceWindows: []
 name: u'asia-east1-c'
 region: u'https://www.googleapis.com/compute/v1/projects/resume-for-me/regions/asia-east1'
 selfLink: u'https://www.googleapis.com/compute/v1/projects/resume-for-me/zones/asia-east1-c'
 status: StatusValueValuesEnum(UP, 1)>, <Zone
 creationTimestamp: u'2014-05-30T18:35:16.575-07:00'
 description: u'asia-east1-a'
 id: 2220
 kind: u'compute#zone'
 maintenanceWindows: []
 name: u'asia-east1-a'
 region: u'https://www.googleapis.com/compute/v1/projects/resume-for-me/regions/asia-east1'
 selfLink: u'https://www.googleapis.com/compute/v1/projects/resume-for-me/zones/asia-east1-a'
 status: StatusValueValuesEnum(UP, 1)>, <Zone
 creationTimestamp: u'2014-05-30T18:35:16.575-07:00'
 description: u'asia-east1-b'
 id: 2221
 kind: u'compute#zone'
 maintenanceWindows: []
 name: u'asia-east1-b'
 region: u'https://www.googleapis.com/compute/v1/projects/resume-for-me/regions/asia-east1'
 selfLink: u'https://www.googleapis.com/compute/v1/projects/resume-for-me/zones/asia-east1-b'
 status: StatusValueValuesEnum(UP, 1)>, <Zone
 creationTimestamp: u'2014-05-30T18:35:16.447-07:00'
 description: u'europe-west1-b'
 id: 2101
 kind: u'compute#zone'
 maintenanceWindows: []
 name: u'europe-west1-b'
 region: u'https://www.googleapis.com/compute/v1/projects/resume-for-me/regions/europe-west1'
 selfLink: u'https://www.googleapis.com/compute/v1/projects/resume-for-me/zones/europe-west1-b'
 status: StatusValueValuesEnum(UP, 1)>, <Zone
 creationTimestamp: u'2014-09-02T15:52:35.238-07:00'
 description: u'europe-west1-c'
 id: 2103
 kind: u'compute#zone'
 maintenanceWindows: []
 name: u'europe-west1-c'
 region: u'https://www.googleapis.com/compute/v1/projects/resume-for-me/regions/europe-west1'
 selfLink: u'https://www.googleapis.com/compute/v1/projects/resume-for-me/zones/europe-west1-c'
 status: StatusValueValuesEnum(UP, 1)>, <Zone
 creationTimestamp: u'2014-12-15T13:42:35.748-08:00'
 description: u'europe-west1-d'
 id: 2104
 kind: u'compute#zone'
 maintenanceWindows: []
 name: u'europe-west1-d'
 region: u'https://www.googleapis.com/compute/v1/projects/resume-for-me/regions/europe-west1'
 selfLink: u'https://www.googleapis.com/compute/v1/projects/resume-for-me/zones/europe-west1-d'
 status: StatusValueValuesEnum(UP, 1)>, <Zone
 creationTimestamp: u'2014-05-30T18:35:16.514-07:00'
 description: u'us-central1-a'
 id: 2000
 kind: u'compute#zone'
 maintenanceWindows: []
 name: u'us-central1-a'
 region: u'https://www.googleapis.com/compute/v1/projects/resume-for-me/regions/us-central1'
 selfLink: u'https://www.googleapis.com/compute/v1/projects/resume-for-me/zones/us-central1-a'
 status: StatusValueValuesEnum(UP, 1)>, <Zone
 creationTimestamp: u'2014-05-30T18:35:16.447-07:00'
 description: u'us-central1-f'
 id: 2004
 kind: u'compute#zone'
 maintenanceWindows: []
 name: u'us-central1-f'
 region: u'https://www.googleapis.com/compute/v1/projects/resume-for-me/regions/us-central1'
 selfLink: u'https://www.googleapis.com/compute/v1/projects/resume-for-me/zones/us-central1-f'
 status: StatusValueValuesEnum(UP, 1)>, <Zone
 creationTimestamp: u'2014-10-29T11:20:06.229-07:00'
 description: u'us-central1-c'
 id: 2002
 kind: u'compute#zone'
 maintenanceWindows: []
 name: u'us-central1-c'
 region: u'https://www.googleapis.com/compute/v1/projects/resume-for-me/regions/us-central1'
 selfLink: u'https://www.googleapis.com/compute/v1/projects/resume-for-me/zones/us-central1-c'
 status: StatusValueValuesEnum(UP, 1)>, <Zone
 creationTimestamp: u'2014-05-30T18:35:16.514-07:00'
 description: u'us-central1-b'
 id: 2001
 kind: u'compute#zone'
 maintenanceWindows: []
 name: u'us-central1-b'
 region: u'https://www.googleapis.com/compute/v1/projects/resume-for-me/regions/us-central1'
 selfLink: u'https://www.googleapis.com/compute/v1/projects/resume-for-me/zones/us-central1-b'
 status: StatusValueValuesEnum(UP, 1)>, <Zone
 creationTimestamp: u'2015-09-08T16:57:06.746-07:00'
 description: u'us-east1-b'
 id: 2231
 kind: u'compute#zone'
 maintenanceWindows: []
 name: u'us-east1-b'
 region: u'https://www.googleapis.com/compute/v1/projects/resume-for-me/regions/us-east1'
 selfLink: u'https://www.googleapis.com/compute/v1/projects/resume-for-me/zones/us-east1-b'
 status: StatusValueValuesEnum(UP, 1)>, <Zone
 creationTimestamp: u'2015-09-03T15:15:02.330-07:00'
 description: u'us-east1-d'
 id: 2234
 kind: u'compute#zone'
 maintenanceWindows: []
 name: u'us-east1-d'
 region: u'https://www.googleapis.com/compute/v1/projects/resume-for-me/regions/us-east1'
 selfLink: u'https://www.googleapis.com/compute/v1/projects/resume-for-me/zones/us-east1-d'
 status: StatusValueValuesEnum(UP, 1)>, <Zone
 creationTimestamp: u'2015-09-08T10:59:59.040-07:00'
 description: u'us-east1-c'
 id: 2233
 kind: u'compute#zone'
 maintenanceWindows: []
 name: u'us-east1-c'
 region: u'https://www.googleapis.com/compute/v1/projects/resume-for-me/regions/us-east1'
 selfLink: u'https://www.googleapis.com/compute/v1/projects/resume-for-me/zones/us-east1-c'
 status: StatusValueValuesEnum(UP, 1)>]
 kind: u'compute#zoneList'
 selfLink: u'https://www.googleapis.com/compute/v1/projects/resume-for-me/zones'>]
2016-01-27 14:38:04,996 DEBUG    root            Starting batch request...
2016-01-27 14:38:05,003 DEBUG    root            Adding request: (<googlecloudsdk.third_party.apis.compute.v1.compute_v1_client.InstancesService object at 0x208bf50>, 'Get', <ComputeInstancesGetRequest
 instance: 'transmitter'
 project: 'resume-for-me'
 zone: u'us-east1-c'>)
2016-01-27 14:38:05,005 DEBUG    root            Making batch request...
2016-01-27 14:38:05,229 DEBUG    root            Batch request done; responses [<Instance
 canIpForward: False
 cpuPlatform: u'Intel Haswell'
 creationTimestamp: u'2016-01-26T08:08:02.517-08:00'
 description: u''
 disks: [<AttachedDisk
 autoDelete: True
 boot: True
 deviceName: u'transmitter'
 index: 0
 interface: InterfaceValueValuesEnum(SCSI, 1)
 kind: u'compute#attachedDisk'
 licenses: [u'https://www.googleapis.com/compute/v1/projects/ubuntu-os-cloud/global/licenses/ubuntu-1404-trusty']
 mode: ModeValueValuesEnum(READ_WRITE, 1)
 source: u'https://www.googleapis.com/compute/v1/projects/resume-for-me/zones/us-east1-c/disks/transmitter'
 type: TypeValueValuesEnum(PERSISTENT, 0)>]
 id: 1005817296965723994
 kind: u'compute#instance'
 machineType: u'https://www.googleapis.com/compute/v1/projects/resume-for-me/zones/us-east1-c/machineTypes/n1-standard-1'
 metadata: <Metadata
 fingerprint: '\x7fU,iXw\x0b\x8e'
 items: []
 kind: u'compute#metadata'>
 name: u'transmitter'
 networkInterfaces: [<NetworkInterface
 accessConfigs: [<AccessConfig
 kind: u'compute#accessConfig'
 name: u'External NAT'
 natIP: u'104.196.34.202'
 type: TypeValueValuesEnum(ONE_TO_ONE_NAT, 0)>]
 name: u'nic0'
 network: u'https://www.googleapis.com/compute/v1/projects/resume-for-me/global/networks/default'
 networkIP: u'10.240.0.2'>]
 scheduling: <Scheduling
 automaticRestart: True
 onHostMaintenance: OnHostMaintenanceValueValuesEnum(MIGRATE, 0)
 preemptible: False>
 selfLink: u'https://www.googleapis.com/compute/v1/projects/resume-for-me/zones/us-east1-c/instances/transmitter'
 serviceAccounts: [<ServiceAccount
 email: u'476411052889-compute@developer.gserviceaccount.com'
 scopes: [u'https://www.googleapis.com/auth/cloud.useraccounts.readonly', u'https://www.googleapis.com/auth/devstorage.read_only', u'https://www.googleapis.com/auth/logging.write', u'https://www.googleapis.com/auth/monitoring.write']>]
 status: StatusValueValuesEnum(RUNNING, 1)
 tags: <Tags
 fingerprint: '\xe3e\xa6J\x90|\xad#'
 items: []>
 zone: u'https://www.googleapis.com/compute/v1/projects/resume-for-me/zones/us-east1-c'>]
2016-01-27 14:38:05,249 DEBUG    root            Starting batch request...
2016-01-27 14:38:05,249 DEBUG    root            Adding request: (<googlecloudsdk.third_party.apis.compute.v1.compute_v1_client.ProjectsService object at 0x2090710>, 'Get', <ComputeProjectsGetRequest
 project: 'resume-for-me'>)
2016-01-27 14:38:05,250 DEBUG    root            Making batch request...
2016-01-27 14:38:05,422 DEBUG    root            Batch request done; responses [<Project
 commonInstanceMetadata: <Metadata
 fingerprint: 'B\xae\xdb;\x1f@\xf9\xba'
 items: [<ItemsValueListEntry
 key: u'google-compute-default-region'
 value: u'us-east1'>, <ItemsValueListEntry
 key: u'google-compute-default-zone'
 value: u'us-east1-c'>, <ItemsValueListEntry
 key: u'sshKeys'
 value: u'yitian_li_93:ecdsa-sha2-nistp256 AAAAE2VjZHNhLXNoYTItbmlzdHAyNTYAAAAIbmlzdHAyNTYAAABBBGq1dj161QjAUZfZfH/aVffz5Y4edkGhSCEHAJrqH0BtHY3yZa1JX3DQKqZJrmao1eBpUHFWQLHdBj79hguXVwA= google-ssh {"userName":"yitian.li.93@gmail.com","expireOn":"2016-01-26T17:51:26+0000"}\nyitian_li_93:ssh-rsa AAAAB3NzaC1yc2EAAAADAQABAAABAQDPypJoEL8lieyG2f7i2aCPsos29esrPp12ynXAwR1BrkUw3Xr7HkRQp5d+zoy+gQe6vRbO3b5w2EAFKN3Y26OwxzKRWqiZZKIVgtTbhomEDvyQ5zXpdbIqcDYkDwOFcBWlgws2SXL1rmLYKfTd7a/cnMHwdKGPhUobT+ayijqWsZL4bWKfCYA9mNHst0VZKVW0au4dy3r4NjmbUQjznO4LDgJYanaEfTDgu/OUljU1y3i4OeBcu8jxMdN9Te9PrtA8YUAchhtDfKNgjp7/g27rue+6Ri6uoOM5V5ke9uwhmnHjuo1/Da6cmwXJsiAFs/coGyjMEHg/7wBly59L1DNr google-ssh {"userName":"yitian.li.93@gmail.com","expireOn":"2016-01-26T17:51:25+0000"}\nroot:ssh-rsa AAAAB3NzaC1yc2EAAAADAQABAAABAQDHg6ARlGduaM6tVA/tf4T3ppnUNguN9XtDVswhHCOjBdfVv6BfPRcAPE+uS6CoKdHeAQhS/0NtNY6QDRlEBbq/ghhjr8WbWyQSWt0vT48IKCJZ+3cmjtU3wt8VTTPc/8vWIMmpsomPUJYAsW6BShY19E/OdW9pmZDWRO/MbSQWHSCdILL9hFiull2cgzq5zcHr/KZsY4nYAFr9Oy47gM6D/uqKthTC2FjlwFNgmulhLhh0tTfQ5doqZbuKsDWnMB6S2QmNvZmmXLEb+B72xkE4dB9r9iSgWb0wJCTg1/tzGh55QmyA0t0L4LUH5r8bUHqISLZGoyGkIPxOzA9PZIHf root@cpsc822\nroot:root:ssh-rsa AAAAB3NzaC1yc2EAAAADAQABAAABAQDBFzPxy5WJWYdpwIEgOamVhtFXkiv2QPNwmZiCN0RjmxSqKgJEz0TFt/QytlTgjZ6akEpQlGQdCGTW2oV01INoxNBbMnX1OnqloUQZgrwIp0E059++xUD17pj7iFB6+YDqTxaGv0kicyrdCPUdeWjypFscajeyp9p3naCfBx9mIz27v+vbXGzDLdJpCnLurWe/ylNOUxizcdnpH24vlEOIqgNY8d2UHvRpuadSnEFQMPrKWUwcwqrQlxWQdK9+4SdDEJwO6rozvsSaAckPHrZezmYciRPbJKkdtF0Y2fz+QUMLRPeJv3lPLwtpj0DyTJmhGvHzEq5CgtgvhKuOz+Mr root@cpsc822\nroot:yitian_li_93:ssh-rsa AAAAB3NzaC1yc2EAAAADAQABAAABAQCp+Gju+H1bvWlDjC1NQUCj+cS93EwSDnGhq6ddpplzQQMoalAr0Y2DBnzjf/HVD388RBuO5vNaK1vOLRDlY8928jOkAJ97WR1DSeDtstEcaPFkLGAEy9YdAO+4SndTHsLHMc3wHJOJijuFYJfYxQgFTb8Lx0SM1yTPBIpr0C6UUJEfXSQDFOwnMHv3xHWEEPvEzt7S1d/Trfa1SvvzROTg+WUKJeoGIdJOtPjD3QAdCW6PrSAzyVWm6yG5ceWsczzoAXhQ7LG5z0Pu+fQHpU/UYcA14BYrTjjYJEmXKlVnA39hxmDr2HDT1QIZnqBiwIc1EkLmJlrxDS7oF+AVT6gB root@cpsc822\nroot:ssh-rsa AAAAB3NzaC1yc2EAAAADAQABAAABAQCw3LVmPU2DWRN4lzMQ2cGlnqGD9vFibJX/iZspKEeymdBAWAornvjtg2SGNjH4Z/RMOoBb2oewoqaHDOf0B9ppmVRxoLe2QAdHXaUPg8R9CTeETH7WER04ZLvQZ5KKcub5LTkn0HU2VPEa4F7o6Kt+Bl6NwwEyOu5qxl+9kXXSdmEOz4xWdDl5apfXkXrrDDgnKj/iv8iRCRvUrrVSQHqfn7QKbZr+m1wrbRzhopATYgNgsKzLG43+UYO1UhSScsJtsxxzOrz5mk1nCtoLr44McQbrZbi7tCt1pEw6q2qZSuDSydXdzefzk02lges20yzdXayMW48aic9Z1yeFv/oL root@cpsc822'>, <ItemsValueListEntry
 key: u'sshkeys'
 value: u'ssh-rsa AAAAB3NzaC1yc2EAAAADAQABAAABAQCp+Gju+H1bvWlDjC1NQUCj+cS93EwSDnGhq6ddpplzQQMoalAr0Y2DBnzjf/HVD388RBuO5vNaK1vOLRDlY8928jOkAJ97WR1DSeDtstEcaPFkLGAEy9YdAO+4SndTHsLHMc3wHJOJijuFYJfYxQgFTb8Lx0SM1yTPBIpr0C6UUJEfXSQDFOwnMHv3xHWEEPvEzt7S1d/Trfa1SvvzROTg+WUKJeoGIdJOtPjD3QAdCW6PrSAzyVWm6yG5ceWsczzoAXhQ7LG5z0Pu+fQHpU/UYcA14BYrTjjYJEmXKlVnA39hxmDr2HDT1QIZnqBiwIc1EkLmJlrxDS7oF+AVT6gB root@cpsc822\n'>]
 kind: u'compute#metadata'>
 creationTimestamp: u'2016-01-25T17:17:26.257-08:00'
 enabledFeatures: []
 id: 9276751378370442300L
 kind: u'compute#project'
 name: u'resume-for-me'
 quotas: [<Quota
 limit: 1000.0
 metric: MetricValueValuesEnum(SNAPSHOTS, 16)
 usage: 0.0>, <Quota
 limit: 5.0
 metric: MetricValueValuesEnum(NETWORKS, 14)
 usage: 1.0>, <Quota
 limit: 100.0
 metric: MetricValueValuesEnum(FIREWALLS, 4)
 usage: 4.0>, <Quota
 limit: 100.0
 metric: MetricValueValuesEnum(IMAGES, 7)
 usage: 0.0>, <Quota
 limit: 7.0
 metric: MetricValueValuesEnum(STATIC_ADDRESSES, 19)
 usage: 0.0>, <Quota
 limit: 200.0
 metric: MetricValueValuesEnum(ROUTES, 15)
 usage: 2.0>, <Quota
 limit: 15.0
 metric: MetricValueValuesEnum(FORWARDING_RULES, 5)
 usage: 0.0>, <Quota
 limit: 50.0
 metric: MetricValueValuesEnum(TARGET_POOLS, 24)
 usage: 0.0>, <Quota
 limit: 50.0
 metric: MetricValueValuesEnum(HEALTH_CHECKS, 6)
 usage: 0.0>, <Quota
 limit: 23.0
 metric: MetricValueValuesEnum(IN_USE_ADDRESSES, 12)
 usage: 0.0>, <Quota
 limit: 50.0
 metric: MetricValueValuesEnum(TARGET_INSTANCES, 23)
 usage: 0.0>, <Quota
 limit: 10.0
 metric: MetricValueValuesEnum(TARGET_HTTP_PROXIES, 22)
 usage: 0.0>, <Quota
 limit: 10.0
 metric: MetricValueValuesEnum(URL_MAPS, 26)
 usage: 0.0>, <Quota
 limit: 3.0
 metric: MetricValueValuesEnum(BACKEND_SERVICES, 1)
 usage: 0.0>, <Quota
 limit: 100.0
 metric: MetricValueValuesEnum(INSTANCE_TEMPLATES, 11)
 usage: 0.0>, <Quota
 limit: 5.0
 metric: MetricValueValuesEnum(TARGET_VPN_GATEWAYS, 25)
 usage: 0.0>, <Quota
 limit: 10.0
 metric: MetricValueValuesEnum(VPN_TUNNELS, 27)
 usage: 0.0>, <Quota
 limit: 10.0
 metric: MetricValueValuesEnum(TARGET_HTTPS_PROXIES, 21)
 usage: 0.0>, <Quota
 limit: 10.0
 metric: MetricValueValuesEnum(SSL_CERTIFICATES, 18)
 usage: 0.0>, <Quota
 limit: 100.0
 metric: MetricValueValuesEnum(SUBNETWORKS, 20)
 usage: 0.0>]
 selfLink: u'https://www.googleapis.com/compute/v1/projects/resume-for-me'
 usageExportLocation: <UsageExportLocation
 bucketName: u'resume4yitianli'
 reportNamePrefix: u''>>]
2016-01-27 14:38:05,422 DEBUG    root            Current SSH keys in project: [u'yitian_li_93:ecdsa-sha2-nistp256 AAAAE2VjZHNhLXNoYTItbmlzdHAyNTYAAAAIbmlzdHAyNTYAAABBBGq1dj161QjAUZfZfH/aVffz5Y4edkGhSCEHAJrqH0BtHY3yZa1JX3DQKqZJrmao1eBpUHFWQLHdBj79hguXVwA= google-ssh {"userName":"yitian.li.93@gmail.com","expireOn":"2016-01-26T17:51:26+0000"}', u'yitian_li_93:ssh-rsa AAAAB3NzaC1yc2EAAAADAQABAAABAQDPypJoEL8lieyG2f7i2aCPsos29esrPp12ynXAwR1BrkUw3Xr7HkRQp5d+zoy+gQe6vRbO3b5w2EAFKN3Y26OwxzKRWqiZZKIVgtTbhomEDvyQ5zXpdbIqcDYkDwOFcBWlgws2SXL1rmLYKfTd7a/cnMHwdKGPhUobT+ayijqWsZL4bWKfCYA9mNHst0VZKVW0au4dy3r4NjmbUQjznO4LDgJYanaEfTDgu/OUljU1y3i4OeBcu8jxMdN9Te9PrtA8YUAchhtDfKNgjp7/g27rue+6Ri6uoOM5V5ke9uwhmnHjuo1/Da6cmwXJsiAFs/coGyjMEHg/7wBly59L1DNr google-ssh {"userName":"yitian.li.93@gmail.com","expireOn":"2016-01-26T17:51:25+0000"}', u'root:ssh-rsa AAAAB3NzaC1yc2EAAAADAQABAAABAQDHg6ARlGduaM6tVA/tf4T3ppnUNguN9XtDVswhHCOjBdfVv6BfPRcAPE+uS6CoKdHeAQhS/0NtNY6QDRlEBbq/ghhjr8WbWyQSWt0vT48IKCJZ+3cmjtU3wt8VTTPc/8vWIMmpsomPUJYAsW6BShY19E/OdW9pmZDWRO/MbSQWHSCdILL9hFiull2cgzq5zcHr/KZsY4nYAFr9Oy47gM6D/uqKthTC2FjlwFNgmulhLhh0tTfQ5doqZbuKsDWnMB6S2QmNvZmmXLEb+B72xkE4dB9r9iSgWb0wJCTg1/tzGh55QmyA0t0L4LUH5r8bUHqISLZGoyGkIPxOzA9PZIHf root@cpsc822', u'root:root:ssh-rsa AAAAB3NzaC1yc2EAAAADAQABAAABAQDBFzPxy5WJWYdpwIEgOamVhtFXkiv2QPNwmZiCN0RjmxSqKgJEz0TFt/QytlTgjZ6akEpQlGQdCGTW2oV01INoxNBbMnX1OnqloUQZgrwIp0E059++xUD17pj7iFB6+YDqTxaGv0kicyrdCPUdeWjypFscajeyp9p3naCfBx9mIz27v+vbXGzDLdJpCnLurWe/ylNOUxizcdnpH24vlEOIqgNY8d2UHvRpuadSnEFQMPrKWUwcwqrQlxWQdK9+4SdDEJwO6rozvsSaAckPHrZezmYciRPbJKkdtF0Y2fz+QUMLRPeJv3lPLwtpj0DyTJmhGvHzEq5CgtgvhKuOz+Mr root@cpsc822', u'root:yitian_li_93:ssh-rsa AAAAB3NzaC1yc2EAAAADAQABAAABAQCp+Gju+H1bvWlDjC1NQUCj+cS93EwSDnGhq6ddpplzQQMoalAr0Y2DBnzjf/HVD388RBuO5vNaK1vOLRDlY8928jOkAJ97WR1DSeDtstEcaPFkLGAEy9YdAO+4SndTHsLHMc3wHJOJijuFYJfYxQgFTb8Lx0SM1yTPBIpr0C6UUJEfXSQDFOwnMHv3xHWEEPvEzt7S1d/Trfa1SvvzROTg+WUKJeoGIdJOtPjD3QAdCW6PrSAzyVWm6yG5ceWsczzoAXhQ7LG5z0Pu+fQHpU/UYcA14BYrTjjYJEmXKlVnA39hxmDr2HDT1QIZnqBiwIc1EkLmJlrxDS7oF+AVT6gB root@cpsc822', u'root:ssh-rsa AAAAB3NzaC1yc2EAAAADAQABAAABAQCw3LVmPU2DWRN4lzMQ2cGlnqGD9vFibJX/iZspKEeymdBAWAornvjtg2SGNjH4Z/RMOoBb2oewoqaHDOf0B9ppmVRxoLe2QAdHXaUPg8R9CTeETH7WER04ZLvQZ5KKcub5LTkn0HU2VPEa4F7o6Kt+Bl6NwwEyOu5qxl+9kXXSdmEOz4xWdDl5apfXkXrrDDgnKj/iv8iRCRvUrrVSQHqfn7QKbZr+m1wrbRzhopATYgNgsKzLG43+UYO1UhSScsJtsxxzOrz5mk1nCtoLr44McQbrZbi7tCt1pEw6q2qZSuDSydXdzefzk02lges20yzdXayMW48aic9Z1yeFv/oL root@cpsc822']
2016-01-27 14:38:05,422 DEBUG    root            /usr/bin/ssh command: /usr/bin/ssh -i /root/.ssh/google_compute_engine -o UserKnownHostsFile=/dev/null -o IdentitiesOnly=yes -o CheckHostIP=no -o StrictHostKeyChecking=no root@104.196.34.202
2016-01-27 14:40:12,724 DEBUG    root            (gcloud.compute.ssh) [/usr/bin/ssh] exited with return code [255]. See https://cloud.google.com/compute/docs/troubleshooting#ssherrors for troubleshooting hints. 
Traceback (most recent call last):
  File "/root/download/google-cloud-sdk/lib/googlecloudsdk/calliope/cli.py", line 643, in Execute
    result = args.cmd_func(cli=self, args=args)
  File "/root/download/google-cloud-sdk/lib/googlecloudsdk/calliope/backend.py", line 1401, in Run
    resources = command_instance.Run(args)
  File "/root/download/google-cloud-sdk/lib/surface/compute/ssh.py", line 166, in Run
    use_account_service=self._use_accounts_service)
  File "/root/download/google-cloud-sdk/lib/googlecloudsdk/api_lib/compute/ssh_utils.py", line 650, in ActuallyRun
    return _RunExecutable(cmd_args, strict_error_checking=strict_error_checking)
  File "/root/download/google-cloud-sdk/lib/googlecloudsdk/api_lib/compute/ssh_utils.py", line 145, in _RunExecutable
    raise SshLikeCmdFailed(cmd_args[0], return_code=e.returncode)
SshLikeCmdFailed: [/usr/bin/ssh] exited with return code [255]. See https://cloud.google.com/compute/docs/troubleshooting#ssherrors for troubleshooting hints.
2016-01-27 14:40:12,751 ERROR    root            (gcloud.compute.ssh) [/usr/bin/ssh] exited with return code [255]. See https://cloud.google.com/compute/docs/troubleshooting#ssherrors for troubleshooting hints. 
